<?xml version="1.0" encoding="UTF-8"?>
<!-- Generated by org.testng.reporters.JUnitReportReporter -->
<testsuite hostname="Dekis-MacBook-Air.local" failures="0" tests="1" name="test.LoginInTest" time="10.073" errors="0" timestamp="2021-06-11T15:59:16 CDT" skipped="0">
  <testcase classname="test.LoginInTest" name="loginTest" time="10.073"/>
  <system-out/>
</testsuite> <!-- test.LoginInTest -->
